<?xml version="1.0" encoding="UTF-8"?>
<!-- Generated by org.testng.reporters.JUnitReportReporter -->
<testsuite hostname="AnushaSanthosh" failures="0" tests="1" name="com.testng.tests.DemoTest" time="0.016" errors="0" timestamp="2023-01-04T16:28:02 IST" skipped="0">
  <testcase classname="com.testng.tests.DemoTest" name="sampleTest" time="0.016"/>
  <system-out/>
</testsuite> <!-- com.testng.tests.DemoTest -->
